0 info it worked if it ends with ok
1 verbose cli [ '/usr/local/bin/node',
1 verbose cli   '/usr/local/bin/npm',
1 verbose cli   'install',
1 verbose cli   'moongoose',
1 verbose cli   '--save' ]
2 info using npm@1.4.28
3 info using node@v0.10.35
4 warn package.json @ No description
5 warn package.json @ No repository field.
6 warn package.json @ No README data
7 verbose readDependencies using package.json deps
8 verbose cache add [ 'moongoose', null ]
9 verbose cache add name=undefined spec="moongoose" args=["moongoose",null]
10 verbose parsed url { protocol: null,
10 verbose parsed url   slashes: null,
10 verbose parsed url   auth: null,
10 verbose parsed url   host: null,
10 verbose parsed url   port: null,
10 verbose parsed url   hostname: null,
10 verbose parsed url   hash: null,
10 verbose parsed url   search: null,
10 verbose parsed url   query: null,
10 verbose parsed url   pathname: 'moongoose',
10 verbose parsed url   path: 'moongoose',
10 verbose parsed url   href: 'moongoose' }
11 silly lockFile 01f8586d-moongoose moongoose
12 verbose lock moongoose /Users/karen/.npm/01f8586d-moongoose.lock
13 silly lockFile 01f8586d-moongoose moongoose
14 silly lockFile 01f8586d-moongoose moongoose
15 verbose addNamed [ 'moongoose', '' ]
16 verbose addNamed [ null, '*' ]
17 silly lockFile 5953e2d4-moongoose moongoose@
18 verbose lock moongoose@ /Users/karen/.npm/5953e2d4-moongoose.lock
19 silly addNameRange { name: 'moongoose', range: '*', hasData: false }
20 verbose request where is /moongoose
21 verbose request registry https://registry.npmjs.org/
22 verbose request id 55ce10bff3139acf
23 verbose url raw /moongoose
24 verbose url resolving [ 'https://registry.npmjs.org/', './moongoose' ]
25 verbose url resolved https://registry.npmjs.org/moongoose
26 verbose request where is https://registry.npmjs.org/moongoose
27 info trying registry request attempt 1 at 18:17:58
28 http GET https://registry.npmjs.org/moongoose
29 http 404 https://registry.npmjs.org/moongoose
30 verbose headers { date: 'Sun, 04 Jan 2015 02:17:58 GMT',
30 verbose headers   server: 'CouchDB/1.5.0 (Erlang OTP/R16B03)',
30 verbose headers   'content-type': 'application/json',
30 verbose headers   'cache-control': 'max-age=0',
30 verbose headers   'content-length': '52',
30 verbose headers   'accept-ranges': 'bytes',
30 verbose headers   via: '1.1 varnish',
30 verbose headers   'x-served-by': 'cache-sjc3122-SJC',
30 verbose headers   'x-cache': 'MISS',
30 verbose headers   'x-cache-hits': '0',
30 verbose headers   'x-timer': 'S1420337878.589836,VS0,VE34',
30 verbose headers   'keep-alive': 'timeout=10, max=50',
30 verbose headers   connection: 'Keep-Alive' }
31 silly registry.get cb [ 404,
31 silly registry.get   { date: 'Sun, 04 Jan 2015 02:17:58 GMT',
31 silly registry.get     server: 'CouchDB/1.5.0 (Erlang OTP/R16B03)',
31 silly registry.get     'content-type': 'application/json',
31 silly registry.get     'cache-control': 'max-age=0',
31 silly registry.get     'content-length': '52',
31 silly registry.get     'accept-ranges': 'bytes',
31 silly registry.get     via: '1.1 varnish',
31 silly registry.get     'x-served-by': 'cache-sjc3122-SJC',
31 silly registry.get     'x-cache': 'MISS',
31 silly registry.get     'x-cache-hits': '0',
31 silly registry.get     'x-timer': 'S1420337878.589836,VS0,VE34',
31 silly registry.get     'keep-alive': 'timeout=10, max=50',
31 silly registry.get     connection: 'Keep-Alive' } ]
32 silly lockFile 5953e2d4-moongoose moongoose@
33 silly lockFile 5953e2d4-moongoose moongoose@
34 error 404 404 Not Found: moongoose
34 error 404
34 error 404 'moongoose' is not in the npm registry.
34 error 404 You should bug the author to publish it
34 error 404
34 error 404 Note that you can also install from a
34 error 404 tarball, folder, or http url, or git url.
35 error System Darwin 14.0.0
36 error command "/usr/local/bin/node" "/usr/local/bin/npm" "install" "moongoose" "--save"
37 error cwd /Users/karen/Documents/my_project/fpv_programming
38 error node -v v0.10.35
39 error npm -v 1.4.28
40 error code E404
41 verbose exit [ 1, true ]
